2020-10-12 11:12:03.513  INFO 11276 --- [restartedMain] com.example.demo.DenemefgApplication     : Starting DenemefgApplication on DESKTOP-H9I71GU with PID 11276 (C:\Users\bandırma\IdeaProjects\trainee\target\classes started by bandırma in C:\Users\bandırma\IdeaProjects\trainee)
2020-10-12 11:12:03.523  INFO 11276 --- [restartedMain] com.example.demo.DenemefgApplication     : No active profile set, falling back to default profiles: default
2020-10-12 11:12:03.657  INFO 11276 --- [restartedMain] .e.DevToolsPropertyDefaultsPostProcessor : Devtools property defaults active! Set 'spring.devtools.add-properties' to 'false' to disable
2020-10-12 11:12:05.294  INFO 11276 --- [restartedMain] o.s.b.w.embedded.tomcat.TomcatWebServer  : Tomcat initialized with port(s): 8080 (http)
2020-10-12 11:12:05.307  INFO 11276 --- [restartedMain] o.apache.catalina.core.StandardService   : Starting service [Tomcat]
2020-10-12 11:12:05.309  INFO 11276 --- [restartedMain] org.apache.catalina.core.StandardEngine  : Starting Servlet engine: [Apache Tomcat/9.0.38]
2020-10-12 11:12:05.460  INFO 11276 --- [restartedMain] o.a.c.c.C.[Tomcat].[localhost].[/]       : Initializing Spring embedded WebApplicationContext
2020-10-12 11:12:05.461  INFO 11276 --- [restartedMain] w.s.c.ServletWebServerApplicationContext : Root WebApplicationContext: initialization completed in 1803 ms
2020-10-12 11:12:05.647 DEBUG 11276 --- [restartedMain] o.s.b.w.s.ServletContextInitializerBeans : Mapping filters: filterRegistrationBean urls=[/*] order=-2147483647, characterEncodingFilter urls=[/*] order=-2147483648, formContentFilter urls=[/*] order=-9900, requestContextFilter urls=[/*] order=-105
2020-10-12 11:12:05.648 DEBUG 11276 --- [restartedMain] o.s.b.w.s.ServletContextInitializerBeans : Mapping servlets: dispatcherServlet urls=[/]
2020-10-12 11:12:05.827  INFO 11276 --- [restartedMain] o.s.s.concurrent.ThreadPoolTaskExecutor  : Initializing ExecutorService 'applicationTaskExecutor'
2020-10-12 11:12:05.842 DEBUG 11276 --- [restartedMain] s.w.s.m.m.a.RequestMappingHandlerAdapter : ControllerAdvice beans: 0 @ModelAttribute, 0 @InitBinder, 1 RequestBodyAdvice, 1 ResponseBodyAdvice
2020-10-12 11:12:05.938 DEBUG 11276 --- [restartedMain] s.w.s.m.m.a.RequestMappingHandlerMapping : 2 mappings in 'requestMappingHandlerMapping'
2020-10-12 11:12:05.964 DEBUG 11276 --- [restartedMain] o.s.w.s.handler.SimpleUrlHandlerMapping  : Patterns [/webjars/**, /**] in 'resourceHandlerMapping'
2020-10-12 11:12:05.972 DEBUG 11276 --- [restartedMain] .m.m.a.ExceptionHandlerExceptionResolver : ControllerAdvice beans: 0 @ExceptionHandler, 1 ResponseBodyAdvice
2020-10-12 11:12:06.108  INFO 11276 --- [restartedMain] o.s.b.d.a.OptionalLiveReloadServer       : LiveReload server is running on port 35729
2020-10-12 11:12:06.115  INFO 11276 --- [restartedMain] o.s.b.a.e.web.EndpointLinksResolver      : Exposing 0 endpoint(s) beneath base path '/actuator'
2020-10-12 11:12:06.182  INFO 11276 --- [restartedMain] o.s.b.w.embedded.tomcat.TomcatWebServer  : Tomcat started on port(s): 8080 (http) with context path ''
2020-10-12 11:12:06.207  INFO 11276 --- [restartedMain] com.example.demo.DenemefgApplication     : Started DenemefgApplication in 3.406 seconds (JVM running for 5.554)
2020-10-12 11:14:23.830  INFO 11176 --- [restartedMain] com.example.demo.DenemefgApplication     : Starting DenemefgApplication on DESKTOP-H9I71GU with PID 11176 (C:\Users\bandırma\IdeaProjects\trainee\target\classes started by bandırma in C:\Users\bandırma\IdeaProjects\trainee)
2020-10-12 11:14:23.835  INFO 11176 --- [restartedMain] com.example.demo.DenemefgApplication     : No active profile set, falling back to default profiles: default
2020-10-12 11:14:23.912  INFO 11176 --- [restartedMain] .e.DevToolsPropertyDefaultsPostProcessor : Devtools property defaults active! Set 'spring.devtools.add-properties' to 'false' to disable
2020-10-12 11:14:25.645  INFO 11176 --- [restartedMain] o.s.b.w.embedded.tomcat.TomcatWebServer  : Tomcat initialized with port(s): 8080 (http)
2020-10-12 11:14:25.657  INFO 11176 --- [restartedMain] o.apache.catalina.core.StandardService   : Starting service [Tomcat]
2020-10-12 11:14:25.657  INFO 11176 --- [restartedMain] org.apache.catalina.core.StandardEngine  : Starting Servlet engine: [Apache Tomcat/9.0.38]
2020-10-12 11:14:25.768  INFO 11176 --- [restartedMain] o.a.c.c.C.[Tomcat].[localhost].[/]       : Initializing Spring embedded WebApplicationContext
2020-10-12 11:14:25.769  INFO 11176 --- [restartedMain] w.s.c.ServletWebServerApplicationContext : Root WebApplicationContext: initialization completed in 1857 ms
2020-10-12 11:14:25.905 DEBUG 11176 --- [restartedMain] o.s.b.w.s.ServletContextInitializerBeans : Mapping filters: filterRegistrationBean urls=[/*] order=-2147483647, characterEncodingFilter urls=[/*] order=-2147483648, formContentFilter urls=[/*] order=-9900, requestContextFilter urls=[/*] order=-105
2020-10-12 11:14:25.906 DEBUG 11176 --- [restartedMain] o.s.b.w.s.ServletContextInitializerBeans : Mapping servlets: dispatcherServlet urls=[/]
2020-10-12 11:14:26.049  INFO 11176 --- [restartedMain] o.s.s.concurrent.ThreadPoolTaskExecutor  : Initializing ExecutorService 'applicationTaskExecutor'
2020-10-12 11:14:26.058 DEBUG 11176 --- [restartedMain] s.w.s.m.m.a.RequestMappingHandlerAdapter : ControllerAdvice beans: 0 @ModelAttribute, 0 @InitBinder, 1 RequestBodyAdvice, 1 ResponseBodyAdvice
2020-10-12 11:14:26.103 DEBUG 11176 --- [restartedMain] s.w.s.m.m.a.RequestMappingHandlerMapping : 2 mappings in 'requestMappingHandlerMapping'
2020-10-12 11:14:26.132 DEBUG 11176 --- [restartedMain] o.s.w.s.handler.SimpleUrlHandlerMapping  : Patterns [/webjars/**, /**] in 'resourceHandlerMapping'
2020-10-12 11:14:26.142 DEBUG 11176 --- [restartedMain] .m.m.a.ExceptionHandlerExceptionResolver : ControllerAdvice beans: 0 @ExceptionHandler, 1 ResponseBodyAdvice
2020-10-12 11:14:26.378  INFO 11176 --- [restartedMain] o.s.b.d.a.OptionalLiveReloadServer       : LiveReload server is running on port 35729
2020-10-12 11:14:26.385  INFO 11176 --- [restartedMain] o.s.b.a.e.web.EndpointLinksResolver      : Exposing 2 endpoint(s) beneath base path '/actuator'
2020-10-12 11:14:26.428  INFO 11176 --- [restartedMain] o.s.b.w.embedded.tomcat.TomcatWebServer  : Tomcat started on port(s): 8080 (http) with context path ''
2020-10-12 11:14:26.443  INFO 11176 --- [restartedMain] com.example.demo.DenemefgApplication     : Started DenemefgApplication in 3.317 seconds (JVM running for 4.667)
2020-10-12 11:14:26.900  INFO 11176 --- [RMI TCP Connection(4)-172.20.0.1] o.a.c.c.C.[Tomcat].[localhost].[/]       : Initializing Spring DispatcherServlet 'dispatcherServlet'
2020-10-12 11:14:26.901  INFO 11176 --- [RMI TCP Connection(4)-172.20.0.1] o.s.web.servlet.DispatcherServlet        : Initializing Servlet 'dispatcherServlet'
2020-10-12 11:14:26.902 DEBUG 11176 --- [RMI TCP Connection(4)-172.20.0.1] o.s.web.servlet.DispatcherServlet        : Detected StandardServletMultipartResolver
2020-10-12 11:14:26.913 DEBUG 11176 --- [RMI TCP Connection(4)-172.20.0.1] o.s.web.servlet.DispatcherServlet        : enableLoggingRequestDetails='false': request parameters and headers will be masked to prevent unsafe logging of potentially sensitive data
2020-10-12 11:14:26.913  INFO 11176 --- [RMI TCP Connection(4)-172.20.0.1] o.s.web.servlet.DispatcherServlet        : Completed initialization in 11 ms
2020-10-12 11:34:39.399  INFO 8788 --- [restartedMain] com.example.demo.DenemefgApplication     : Starting DenemefgApplication on DESKTOP-H9I71GU with PID 8788 (C:\Users\bandırma\IdeaProjects\trainee\target\classes started by bandırma in C:\Users\bandırma\IdeaProjects\trainee)
2020-10-12 11:34:39.405  INFO 8788 --- [restartedMain] com.example.demo.DenemefgApplication     : No active profile set, falling back to default profiles: default
2020-10-12 11:34:39.485  INFO 8788 --- [restartedMain] .e.DevToolsPropertyDefaultsPostProcessor : Devtools property defaults active! Set 'spring.devtools.add-properties' to 'false' to disable
2020-10-12 11:34:40.817  INFO 8788 --- [restartedMain] o.s.b.w.embedded.tomcat.TomcatWebServer  : Tomcat initialized with port(s): 8080 (http)
2020-10-12 11:34:40.829  INFO 8788 --- [restartedMain] o.apache.catalina.core.StandardService   : Starting service [Tomcat]
2020-10-12 11:34:40.829  INFO 8788 --- [restartedMain] org.apache.catalina.core.StandardEngine  : Starting Servlet engine: [Apache Tomcat/9.0.38]
2020-10-12 11:34:40.947  INFO 8788 --- [restartedMain] o.a.c.c.C.[Tomcat].[localhost].[/]       : Initializing Spring embedded WebApplicationContext
2020-10-12 11:34:40.947  INFO 8788 --- [restartedMain] w.s.c.ServletWebServerApplicationContext : Root WebApplicationContext: initialization completed in 1462 ms
2020-10-12 11:34:41.085 DEBUG 8788 --- [restartedMain] o.s.b.w.s.ServletContextInitializerBeans : Mapping filters: filterRegistrationBean urls=[/*] order=-2147483647, characterEncodingFilter urls=[/*] order=-2147483648, formContentFilter urls=[/*] order=-9900, requestContextFilter urls=[/*] order=-105
2020-10-12 11:34:41.086 DEBUG 8788 --- [restartedMain] o.s.b.w.s.ServletContextInitializerBeans : Mapping servlets: dispatcherServlet urls=[/]
2020-10-12 11:34:41.259  INFO 8788 --- [restartedMain] o.s.s.concurrent.ThreadPoolTaskExecutor  : Initializing ExecutorService 'applicationTaskExecutor'
2020-10-12 11:34:41.270 DEBUG 8788 --- [restartedMain] s.w.s.m.m.a.RequestMappingHandlerAdapter : ControllerAdvice beans: 0 @ModelAttribute, 0 @InitBinder, 1 RequestBodyAdvice, 1 ResponseBodyAdvice
2020-10-12 11:34:41.330 DEBUG 8788 --- [restartedMain] s.w.s.m.m.a.RequestMappingHandlerMapping : 2 mappings in 'requestMappingHandlerMapping'
2020-10-12 11:34:41.357 DEBUG 8788 --- [restartedMain] o.s.w.s.handler.SimpleUrlHandlerMapping  : Patterns [/webjars/**, /**] in 'resourceHandlerMapping'
2020-10-12 11:34:41.366 DEBUG 8788 --- [restartedMain] .m.m.a.ExceptionHandlerExceptionResolver : ControllerAdvice beans: 0 @ExceptionHandler, 1 ResponseBodyAdvice
2020-10-12 11:34:41.563  INFO 8788 --- [restartedMain] o.s.b.d.a.OptionalLiveReloadServer       : LiveReload server is running on port 35729
2020-10-12 11:34:41.569  INFO 8788 --- [restartedMain] o.s.b.a.e.web.EndpointLinksResolver      : Exposing 2 endpoint(s) beneath base path '/actuator'
2020-10-12 11:34:41.615  INFO 8788 --- [restartedMain] o.s.b.w.embedded.tomcat.TomcatWebServer  : Tomcat started on port(s): 8080 (http) with context path ''
2020-10-12 11:34:41.632  INFO 8788 --- [restartedMain] com.example.demo.DenemefgApplication     : Started DenemefgApplication in 2.837 seconds (JVM running for 4.242)
2020-10-12 11:34:42.595  INFO 8788 --- [RMI TCP Connection(2)-172.20.0.1] o.a.c.c.C.[Tomcat].[localhost].[/]       : Initializing Spring DispatcherServlet 'dispatcherServlet'
2020-10-12 11:34:42.595  INFO 8788 --- [RMI TCP Connection(2)-172.20.0.1] o.s.web.servlet.DispatcherServlet        : Initializing Servlet 'dispatcherServlet'
2020-10-12 11:34:42.596 DEBUG 8788 --- [RMI TCP Connection(2)-172.20.0.1] o.s.web.servlet.DispatcherServlet        : Detected StandardServletMultipartResolver
2020-10-12 11:34:42.606 DEBUG 8788 --- [RMI TCP Connection(2)-172.20.0.1] o.s.web.servlet.DispatcherServlet        : enableLoggingRequestDetails='false': request parameters and headers will be masked to prevent unsafe logging of potentially sensitive data
2020-10-12 11:34:42.606  INFO 8788 --- [RMI TCP Connection(2)-172.20.0.1] o.s.web.servlet.DispatcherServlet        : Completed initialization in 10 ms
